<?xml version="1.0" encoding="UTF-8"?>
<testng-results ignored="0" total="1" passed="1" failed="0" skipped="0">
  <reporter-output>
  </reporter-output>
  <suite started-at="2024-05-03T11:16:31 ART" name="Default suite" finished-at="2024-05-03T11:17:43 ART" duration-ms="71905">
    <groups>
    </groups>
    <test started-at="2024-05-03T11:16:31 ART" name="Default test" finished-at="2024-05-03T11:17:43 ART" duration-ms="71905">
      <class name="Tests.CompleteUserFlowTest">
        <test-method is-config="true" signature="setUp()[pri:0, instance:Tests.CompleteUserFlowTest@20140db9]" started-at="2024-05-03T11:16:31 ART" name="setUp" finished-at="2024-05-03T11:17:01 ART" duration-ms="30113" status="PASS">
          <reporter-output>
          </reporter-output>
        </test-method> <!-- setUp -->
        <test-method signature="testCompleteUserFlow()[pri:0, instance:Tests.CompleteUserFlowTest@20140db9]" started-at="2024-05-03T11:17:01 ART" name="testCompleteUserFlow" finished-at="2024-05-03T11:17:43 ART" duration-ms="41709" status="PASS">
          <reporter-output>
          </reporter-output>
        </test-method> <!-- testCompleteUserFlow -->
        <test-method is-config="true" signature="tearDown()[pri:0, instance:Tests.CompleteUserFlowTest@20140db9]" started-at="2024-05-03T11:17:43 ART" name="tearDown" finished-at="2024-05-03T11:17:43 ART" duration-ms="3" status="PASS">
          <reporter-output>
          </reporter-output>
        </test-method> <!-- tearDown -->
      </class> <!-- Tests.CompleteUserFlowTest -->
    </test> <!-- Default test -->
  </suite> <!-- Default suite -->
</testng-results>
